app/build/intermediates/manifest_merge_blame_file/debug/manifest-merger-blame-debug-report.txt
1<?xml version="1.0" encoding="utf-8"?>
2<manifest xmlns:android="http://schemas.android.com/apk/res/android"
3    package="cuong.dd.ble_scanner"
4    android:versionCode="1"
5    android:versionName="1.0" >
6
7    <uses-sdk
8        android:minSdkVersion="23"
8-->src\main\AndroidManifest.xml
9        android:targetSdkVersion="28" />
9-->src\main\AndroidManifest.xml
10
11    <uses-permission android:name="android.permission.BLUETOOTH" />
11-->src\main\AndroidManifest.xml:4:5-68
11-->src\main\AndroidManifest.xml:4:22-65
12    <uses-permission android:name="android.permission.BLUETOOTH_ADMIN" />
12-->src\main\AndroidManifest.xml:5:5-74
12-->src\main\AndroidManifest.xml:5:22-71
13    <uses-permission android:name="android.permission.ACCESS_COARSE_LOCATION" />
13-->src\main\AndroidManifest.xml:6:5-80
13-->src\main\AndroidManifest.xml:6:22-78
14
15    <uses-feature
15-->src\main\AndroidManifest.xml:7:5-91
16        android:name="android.hardware.bluetooth_le"
16-->src\main\AndroidManifest.xml:7:19-63
17        android:required="true" />
17-->src\main\AndroidManifest.xml:7:65-88
18
19    <uses-permission android:name="android.permission.ACCESS_BACKGROUND_LOCATION" />
19-->src\main\AndroidManifest.xml:8:5-85
19-->src\main\AndroidManifest.xml:8:22-82
20    <uses-permission android:name="android.permission.ACCESS_FINE_LOCATION" />
20-->src\main\AndroidManifest.xml:9:5-78
20-->src\main\AndroidManifest.xml:9:22-76
21
22    <uses-feature
22-->src\main\AndroidManifest.xml:11:5-13:34
23        android:name="android.hardware.location.gps"
23-->src\main\AndroidManifest.xml:12:9-53
24        android:required="true" />
24-->src\main\AndroidManifest.xml:13:9-32
25    <uses-feature
25-->src\main\AndroidManifest.xml:7:5-91
26        android:name="android.hardware.bluetooth_le"
26-->src\main\AndroidManifest.xml:7:19-63
27        android:required="true" />
27-->src\main\AndroidManifest.xml:7:65-88
28
29    <application
29-->src\main\AndroidManifest.xml:17:5-31:19
30        android:allowBackup="true"
30-->src\main\AndroidManifest.xml:18:9-35
31        android:appComponentFactory="androidx.core.app.CoreComponentFactory"
31-->[androidx.core:core:1.3.0] AndroidManifest.xml:24:18-86
32        android:debuggable="true"
33        android:extractNativeLibs="false"
34        android:icon="@mipmap/ic_launcher"
34-->src\main\AndroidManifest.xml:19:9-43
35        android:label="@string/app_name"
35-->src\main\AndroidManifest.xml:20:9-41
36        android:roundIcon="@mipmap/ic_launcher_round"
36-->src\main\AndroidManifest.xml:21:9-54
37        android:supportsRtl="true"
37-->src\main\AndroidManifest.xml:22:9-35
38        android:testOnly="true"
39        android:theme="@style/AppTheme" >
39-->src\main\AndroidManifest.xml:23:9-40
40        <activity android:name="cuong.dd.ble_scanner.MainActivity" >
40-->src\main\AndroidManifest.xml:24:9-30:20
40-->src\main\AndroidManifest.xml:24:19-47
41            <intent-filter>
41-->src\main\AndroidManifest.xml:25:13-29:29
42                <action android:name="android.intent.action.MAIN" />
42-->src\main\AndroidManifest.xml:26:17-69
42-->src\main\AndroidManifest.xml:26:25-66
43
44                <category android:name="android.intent.category.LAUNCHER" />
44-->src\main\AndroidManifest.xml:28:17-77
44-->src\main\AndroidManifest.xml:28:27-74
45            </intent-filter>
46        </activity>
47
48        <meta-data
48-->[com.google.android.gms:play-services-basement:8.1.0] AndroidManifest.xml:21:9-23:69
49            android:name="com.google.android.gms.version"
49-->[com.google.android.gms:play-services-basement:8.1.0] AndroidManifest.xml:22:13-58
50            android:value="@integer/google_play_services_version" />
50-->[com.google.android.gms:play-services-basement:8.1.0] AndroidManifest.xml:23:13-66
51    </application>
52
53</manifest>